
extDB3: https://bitbucket.org/torndeco/extdb3/wiki/Home
extDB3: Version: 1.028
extDB3: Windows Version
Message: All development for extDB3 is done on a Linux Dedicated Server
Message: If you would like to Donate to extDB3 Development
Message: https://www.paypal.com/cgi-bin/webscr?cmd=_s-xclick&hosted_button_id=2SUEFTGABTAM2
Message: Also leave a message if there is any particular feature you would like to see added.
Message: Thanks for all the people that have donated.
Message: Torndeco: 18/05/15


extDB3: Found extdb3-conf.ini
extDB3: Detected 8 Cores, Setting up 6 Worker Threads
extDB3: ...
extDB3: ...
extDB3: ...
extDB3: ...
extDB3: ...
extDB3: ...


[20:26:13:116991 -04:00] [Thread 11576] extDB3: Locked
[20:26:17:076357 -04:00] [Thread 8620] extDB3: SQL_CUSTOM: Error No Custom Call Not Found: Input String StorageInitUpdateP
[20:26:17:076407 -04:00] [Thread 8620] extDB3: SQL_CUSTOM: Error No Custom Call Not Found: Callname StorageInitUpdateP
