
extDB3: https://bitbucket.org/torndeco/extdb3/wiki/Home
extDB3: Version: 1.028
extDB3: Windows Version
Message: All development for extDB3 is done on a Linux Dedicated Server
Message: If you would like to Donate to extDB3 Development
Message: https://www.paypal.com/cgi-bin/webscr?cmd=_s-xclick&hosted_button_id=2SUEFTGABTAM2
Message: Also leave a message if there is any particular feature you would like to see added.
Message: Thanks for all the people that have donated.
Message: Torndeco: 18/05/15


extDB3: Found extdb3-conf.ini
extDB3: Detected 4 Cores, Setting up 4 Worker Threads
extDB3: ...
extDB3: ...
extDB3: ...
extDB3: ...


[03:59:52:757481 +01:00] [Thread 2288] extDB3: Locked
[03:59:56:907331 +01:00] [Thread 1216] extDB3: SQL_CUSTOM: Error No Custom Call Not Found: Input String StorageInitUpdateP
[03:59:56:907468 +01:00] [Thread 1216] extDB3: SQL_CUSTOM: Error No Custom Call Not Found: Callname StorageInitUpdateP
[04:19:39:856567 +01:00] [Thread 1216] extDB3: SQL: Error MariaDBStatementException1: Data truncated for column 'type' at row 1
[04:19:39:856621 +01:00] [Thread 1216] extDB3: SQL: Error MariaDBStatementException1: Input: AdminLogInsert:Luke Marsden (Hunter):76561198084588168:Admin Mode:Toggled Admin Mode On
[04:21:57:166453 +01:00] [Thread 3884] extDB3: SQL: Error MariaDBStatementException1: Data truncated for column 'type' at row 1
[04:21:57:166504 +01:00] [Thread 3884] extDB3: SQL: Error MariaDBStatementException1: Input: AdminLogInsert:Luke Marsden (Hunter):76561198084588168:Admin Mode:Toggled Admin Mode Off
