
extDB3: https://bitbucket.org/torndeco/extdb3/wiki/Home
extDB3: Version: 1.028
extDB3: Windows Version
Message: All development for extDB3 is done on a Linux Dedicated Server
Message: If you would like to Donate to extDB3 Development
Message: https://www.paypal.com/cgi-bin/webscr?cmd=_s-xclick&hosted_button_id=2SUEFTGABTAM2
Message: Also leave a message if there is any particular feature you would like to see added.
Message: Thanks for all the people that have donated.
Message: Torndeco: 18/05/15


extDB3: Found extdb3-conf.ini
extDB3: Detected 16 Cores, Setting up 6 Worker Threads
extDB3: ...
extDB3: ...
extDB3: ...
extDB3: ...
extDB3: ...
extDB3: ...


[11:52:41:217924 -04:00] [Thread 23764] extDB3: Locked
[11:52:44:755095 -04:00] [Thread 5704] extDB3: SQL_CUSTOM: Error No Custom Call Not Found: Input String StorageInitUpdateP
[11:52:44:755122 -04:00] [Thread 5704] extDB3: SQL_CUSTOM: Error No Custom Call Not Found: Callname StorageInitUpdateP
[11:53:45:998622 -04:00] [Thread 5704] extDB3: SQL_CUSTOM: Error No Custom Call Not Found: Input String StorageInitUpdateP
[11:53:45:998711 -04:00] [Thread 5704] extDB3: SQL_CUSTOM: Error No Custom Call Not Found: Callname StorageInitUpdateP
[11:54:47:931926 -04:00] [Thread 5704] extDB3: SQL_CUSTOM: Error No Custom Call Not Found: Input String StorageInitUpdateP
[11:54:47:931960 -04:00] [Thread 5704] extDB3: SQL_CUSTOM: Error No Custom Call Not Found: Callname StorageInitUpdateP
[11:55:51:243629 -04:00] [Thread 5704] extDB3: SQL_CUSTOM: Error No Custom Call Not Found: Input String StorageInitUpdateP
[11:55:51:243668 -04:00] [Thread 5704] extDB3: SQL_CUSTOM: Error No Custom Call Not Found: Callname StorageInitUpdateP
[11:56:52:829488 -04:00] [Thread 15448] extDB3: SQL_CUSTOM: Error No Custom Call Not Found: Input String StorageInitUpdateP
[11:56:52:829600 -04:00] [Thread 15448] extDB3: SQL_CUSTOM: Error No Custom Call Not Found: Callname StorageInitUpdateP
[11:57:54:582453 -04:00] [Thread 30012] extDB3: SQL_CUSTOM: Error No Custom Call Not Found: Input String StorageInitUpdateP
[11:57:54:582545 -04:00] [Thread 30012] extDB3: SQL_CUSTOM: Error No Custom Call Not Found: Callname StorageInitUpdateP
[11:58:56:013040 -04:00] [Thread 5704] extDB3: SQL_CUSTOM: Error No Custom Call Not Found: Input String StorageInitUpdateP
[11:58:56:013074 -04:00] [Thread 5704] extDB3: SQL_CUSTOM: Error No Custom Call Not Found: Callname StorageInitUpdateP
