
extDB3: https://bitbucket.org/torndeco/extdb3/wiki/Home
extDB3: Version: 1.028
extDB3: Windows Version
Message: All development for extDB3 is done on a Linux Dedicated Server
Message: If you would like to Donate to extDB3 Development
Message: https://www.paypal.com/cgi-bin/webscr?cmd=_s-xclick&hosted_button_id=2SUEFTGABTAM2
Message: Also leave a message if there is any particular feature you would like to see added.
Message: Thanks for all the people that have donated.
Message: Torndeco: 18/05/15


extDB3: Found extdb3-conf.ini
extDB3: Detected 16 Cores, Setting up 6 Worker Threads
extDB3: ...
extDB3: ...
extDB3: ...
extDB3: ...
extDB3: ...
extDB3: ...


[00:29:48:600781 -04:00] [Thread 23604] extDB3: Locked
[00:29:52:179377 -04:00] [Thread 12772] extDB3: SQL_CUSTOM: Error No Custom Call Not Found: Input String StorageInitUpdateP
[00:29:52:179408 -04:00] [Thread 12772] extDB3: SQL_CUSTOM: Error No Custom Call Not Found: Callname StorageInitUpdateP
[00:30:53:268334 -04:00] [Thread 1300] extDB3: SQL_CUSTOM: Error No Custom Call Not Found: Input String StorageInitUpdateP
[00:30:53:268425 -04:00] [Thread 1300] extDB3: SQL_CUSTOM: Error No Custom Call Not Found: Callname StorageInitUpdateP
[00:31:54:593649 -04:00] [Thread 12772] extDB3: SQL_CUSTOM: Error No Custom Call Not Found: Input String StorageInitUpdateP
[00:31:54:593806 -04:00] [Thread 12772] extDB3: SQL_CUSTOM: Error No Custom Call Not Found: Callname StorageInitUpdateP
[00:32:56:237146 -04:00] [Thread 24528] extDB3: SQL_CUSTOM: Error No Custom Call Not Found: Input String StorageInitUpdateP
[00:32:56:237234 -04:00] [Thread 24528] extDB3: SQL_CUSTOM: Error No Custom Call Not Found: Callname StorageInitUpdateP
[00:33:57:925744 -04:00] [Thread 1300] extDB3: SQL_CUSTOM: Error No Custom Call Not Found: Input String StorageInitUpdateP
[00:33:57:925778 -04:00] [Thread 1300] extDB3: SQL_CUSTOM: Error No Custom Call Not Found: Callname StorageInitUpdateP
[00:34:59:553323 -04:00] [Thread 12772] extDB3: SQL_CUSTOM: Error No Custom Call Not Found: Input String StorageInitUpdateP
[00:34:59:553370 -04:00] [Thread 12772] extDB3: SQL_CUSTOM: Error No Custom Call Not Found: Callname StorageInitUpdateP
