
extDB3: https://bitbucket.org/torndeco/extdb3/wiki/Home
extDB3: Version: 1.028
extDB3: Windows Version
Message: All development for extDB3 is done on a Linux Dedicated Server
Message: If you would like to Donate to extDB3 Development
Message: https://www.paypal.com/cgi-bin/webscr?cmd=_s-xclick&hosted_button_id=2SUEFTGABTAM2
Message: Also leave a message if there is any particular feature you would like to see added.
Message: Thanks for all the people that have donated.
Message: Torndeco: 18/05/15


extDB3: Found extdb3-conf.ini
extDB3: Detected 16 Cores, Setting up 6 Worker Threads
extDB3: ...
extDB3: ...
extDB3: ...
extDB3: ...
extDB3: ...
extDB3: ...


[01:02:40:814611 -04:00] [Thread 14480] extDB3: Locked
[01:02:44:474219 -04:00] [Thread 22956] extDB3: SQL_CUSTOM: Error No Custom Call Not Found: Input String StorageInitUpdateP
[01:02:44:474245 -04:00] [Thread 22956] extDB3: SQL_CUSTOM: Error No Custom Call Not Found: Callname StorageInitUpdateP
[01:03:46:112009 -04:00] [Thread 24460] extDB3: SQL_CUSTOM: Error No Custom Call Not Found: Input String StorageInitUpdateP
[01:03:46:112103 -04:00] [Thread 24460] extDB3: SQL_CUSTOM: Error No Custom Call Not Found: Callname StorageInitUpdateP
